0 info it worked if it ends with ok
1 verbose cli [ '/usr/local/opt/nvm/versions/node/v0.12.7/bin/node',
1 verbose cli   '/usr/local/opt/nvm/versions/node/v0.12.7/bin/npm',
1 verbose cli   'start' ]
2 info using npm@2.11.3
3 info using node@v0.12.7
4 verbose node symlink /usr/local/opt/nvm/versions/node/v0.12.7/bin/node
5 verbose run-script [ 'prestart', 'start', 'poststart' ]
6 info prestart counter-redux@0.0.0
7 info start counter-redux@0.0.0
8 verbose unsafe-perm in lifecycle true
9 info counter-redux@0.0.0 Failed to exec start script
10 verbose stack Error: counter-redux@0.0.0 start: `http-server -o -a -p 3000 localhost`
10 verbose stack Exit status 1
10 verbose stack     at EventEmitter.<anonymous> (/usr/local/Cellar/nvm/0.25.4/versions/node/v0.12.7/lib/node_modules/npm/lib/utils/lifecycle.js:213:16)
10 verbose stack     at EventEmitter.emit (events.js:110:17)
10 verbose stack     at ChildProcess.<anonymous> (/usr/local/Cellar/nvm/0.25.4/versions/node/v0.12.7/lib/node_modules/npm/lib/utils/spawn.js:24:14)
10 verbose stack     at ChildProcess.emit (events.js:110:17)
10 verbose stack     at maybeClose (child_process.js:1015:16)
10 verbose stack     at Process.ChildProcess._handle.onexit (child_process.js:1087:5)
11 verbose pkgid counter-redux@0.0.0
12 verbose cwd /Users/a12483/IdeaProjects/repositories/flux_sample/redux/counter_browserify
13 error Darwin 14.4.0
14 error argv "/usr/local/opt/nvm/versions/node/v0.12.7/bin/node" "/usr/local/opt/nvm/versions/node/v0.12.7/bin/npm" "start"
15 error node v0.12.7
16 error npm  v2.11.3
17 error code ELIFECYCLE
18 error counter-redux@0.0.0 start: `http-server -o -a -p 3000 localhost`
18 error Exit status 1
19 error Failed at the counter-redux@0.0.0 start script 'http-server -o -a -p 3000 localhost'.
19 error This is most likely a problem with the counter-redux package,
19 error not with npm itself.
19 error Tell the author that this fails on your system:
19 error     http-server -o -a -p 3000 localhost
19 error You can get their info via:
19 error     npm owner ls counter-redux
19 error There is likely additional logging output above.
20 verbose exit [ 1, true ]
