0 info it worked if it ends with ok
1 verbose cli [ '/usr/local/opt/nvm/versions/node/v0.12.7/bin/node',
1 verbose cli   '/usr/local/opt/nvm/versions/node/v0.12.7/bin/npm',
1 verbose cli   'run',
1 verbose cli   'build' ]
2 info using npm@2.11.3
3 info using node@v0.12.7
4 verbose node symlink /usr/local/opt/nvm/versions/node/v0.12.7/bin/node
5 verbose stack Error: missing script: build
5 verbose stack     at run (/usr/local/Cellar/nvm/0.25.4/versions/node/v0.12.7/lib/node_modules/npm/lib/run-script.js:142:19)
5 verbose stack     at /usr/local/Cellar/nvm/0.25.4/versions/node/v0.12.7/lib/node_modules/npm/lib/run-script.js:58:5
5 verbose stack     at /usr/local/Cellar/nvm/0.25.4/versions/node/v0.12.7/lib/node_modules/npm/node_modules/read-package-json/read-json.js:345:5
5 verbose stack     at checkBinReferences_ (/usr/local/Cellar/nvm/0.25.4/versions/node/v0.12.7/lib/node_modules/npm/node_modules/read-package-json/read-json.js:309:45)
5 verbose stack     at final (/usr/local/Cellar/nvm/0.25.4/versions/node/v0.12.7/lib/node_modules/npm/node_modules/read-package-json/read-json.js:343:3)
5 verbose stack     at then (/usr/local/Cellar/nvm/0.25.4/versions/node/v0.12.7/lib/node_modules/npm/node_modules/read-package-json/read-json.js:113:5)
5 verbose stack     at /usr/local/Cellar/nvm/0.25.4/versions/node/v0.12.7/lib/node_modules/npm/node_modules/read-package-json/read-json.js:284:20
5 verbose stack     at evalmachine.<anonymous>:263:20
5 verbose stack     at OpenReq.Req.done (/usr/local/Cellar/nvm/0.25.4/versions/node/v0.12.7/lib/node_modules/npm/node_modules/graceful-fs/graceful-fs.js:141:5)
5 verbose stack     at OpenReq.done (/usr/local/Cellar/nvm/0.25.4/versions/node/v0.12.7/lib/node_modules/npm/node_modules/graceful-fs/graceful-fs.js:61:22)
6 verbose cwd /Users/a12483/IdeaProjects/repositories/flux_sample/redux/counter_webpack
7 error Darwin 14.4.0
8 error argv "/usr/local/opt/nvm/versions/node/v0.12.7/bin/node" "/usr/local/opt/nvm/versions/node/v0.12.7/bin/npm" "run" "build"
9 error node v0.12.7
10 error npm  v2.11.3
11 error missing script: build
12 error If you need help, you may report this error at:
12 error     <https://github.com/npm/npm/issues>
13 verbose exit [ 1, true ]
